Building images
Start: 19:17:26   19/09/23


	P3-DX:

		Building noetic
			Start: 19:17:26   19/09/23
			End:   21:22:51   19/09/23
			Elapsed Time: 7525 seconds

		Building noetic_foxy
			Start: 21:22:51   19/09/23
			End:   01:24:26   20/09/23
			Elapsed Time: 14495 seconds

		Building noetic_p3dx
			Start: 01:24:26   20/09/23
			End:   01:29:19   20/09/23
			Elapsed Time: 293 seconds

		Building noetic_foxy_p3dx
			Start: 01:29:19   20/09/23
			End:   01:34:21   20/09/23
			Elapsed Time: 302 seconds

		Building p3dx_navigation
			Start: 01:34:21   20/09/23
			End:   02:39:42   20/09/23
			Elapsed Time: 3921 seconds

	SMAP:

		Building ros2-zed
			Start: 02:39:42   20/09/23
			End:   03:04:57   20/09/23
			Elapsed Time: 1515 seconds

		Building smap-sampler-zed
			Start: 03:04:57   20/09/23
			End:   03:08:11   20/09/23
			Elapsed Time: 194 seconds

		Building smap-yolov5
			Start: 03:08:11   20/09/23
			End:   03:24:10   20/09/23
			Elapsed Time: 959 seconds

		Building smap-env
			Start: 03:24:10   20/09/23
			End:   03:24:37   20/09/23
			Elapsed Time: 27 seconds

		Building smap-deploy
			Start: 03:24:37   20/09/23
			End:   03:25:02   20/09/23
			Elapsed Time: 25 seconds



End:   03:25:02   20/09/23
Elapsed Time: 29256 seconds
