Building images
Start: 17:29:29   13/09/23


	P3-DX:

		Building noetic
			Start: 17:29:30   13/09/23
			End:   21:18:06   13/09/23
			Elapsed Time: 13716 seconds

		Building noetic_foxy
			Start: 21:18:06   13/09/23
			End:   21:30:01   13/09/23
			Elapsed Time: 715 seconds

		Building noetic_p3dx
			Start: 21:30:01   13/09/23
			End:   21:37:41   13/09/23
			Elapsed Time: 460 seconds

		Building noetic_foxy_p3dx
			Start: 21:37:41   13/09/23
			End:   21:37:47   13/09/23
			Elapsed Time: 6 seconds

		Building p3dx_navigation
			Start: 21:37:47   13/09/23
			End:   23:17:13   13/09/23
			Elapsed Time: 5966 seconds

	SMAP:

		Building ros2-zed
			Start: 23:17:13   13/09/23
			End:   23:52:31   13/09/23
			Elapsed Time: 2118 seconds

		Building smap-sampler-zed
			Start: 23:52:31   13/09/23
			End:   23:58:13   13/09/23
			Elapsed Time: 342 seconds

		Building smap-yolov5
			Start: 23:58:13   13/09/23
			End:   00:20:01   14/09/23
			Elapsed Time: 1308 seconds

		Building smap-env
			Start: 00:20:01   14/09/23
			End:   00:20:29   14/09/23
			Elapsed Time: 28 seconds



End:   00:20:29   14/09/23
Elapsed Time:  seconds
